2021-07-21T11:40:12+00:00 CRITICAL Uncaught Error: Unknown named parameter $tasks_meta_id in C:\xampp\htdocs\mywebsite\wp-includes\class-wp-hook.php:292
Stack trace:
#0 C:\xampp\htdocs\mywebsite\wp-includes\class-wp-hook.php(316): WP_Hook->apply_filters('', Array)
#1 C:\xampp\htdocs\mywebsite\wp-includes\plugin.php(551): WP_Hook->do_action(Array)
#2 C:\xampp\htdocs\mywebsite\wp-content\plugins\woocommerce\packages\action-scheduler\classes\actions\ActionScheduler_Action.php(22): do_action_ref_array('wpforms_process...', Array)
#3 C:\xampp\htdocs\mywebsite\wp-content\plugins\woocommerce\packages\action-scheduler\classes\abstracts\ActionScheduler_Abstract_QueueRunner.php(65): ActionScheduler_Action->execute()
#4 C:\xampp\htdocs\mywebsite\wp-content\plugins\woocommerce\packages\action-scheduler\classes\ActionScheduler_QueueRunner.php(162): ActionScheduler_Abstract_QueueRunner->process_action(254, 'WP Cron')
#5 C:\xampp\htdocs\mywebsite\wp-content\plugins\woocommerce\packages\action-scheduler\classes\ActionScheduler_QueueRunner.php(132): ActionScheduler_QueueRunner->do_batch(25, 'WP Cron')
#6 C:\xampp\htdocs\mywebsite\wp-includes\class-wp-hook.php(292): ActionScheduler_QueueRunner->run('WP Cron')
#7 C:\xampp\htdocs\mywebsite\wp-includes\class-wp-hook.php(316): WP_Hook->apply_filters('', Array)
#8 C:\xampp\htdocs\mywebsite\wp-includes\plugin.php(551): WP_Hook->do_action(Array)
#9 C:\xampp\htdocs\mywebsite\wp-cron.php(138): do_action_ref_array('action_schedule...', Array)
#10 {main}
  thrown in C:\xampp\htdocs\mywebsite\wp-includes\class-wp-hook.php on line 292

2021-07-21T11:41:05+00:00 CRITICAL Uncaught Error: Unknown named parameter $tasks_meta_id in C:\xampp\htdocs\mywebsite\wp-includes\class-wp-hook.php:303
Stack trace:
#0 C:\xampp\htdocs\mywebsite\wp-includes\class-wp-hook.php(327): WP_Hook->apply_filters('', Array)
#1 C:\xampp\htdocs\mywebsite\wp-includes\plugin.php(518): WP_Hook->do_action(Array)
#2 C:\xampp\htdocs\mywebsite\wp-content\plugins\woocommerce\packages\action-scheduler\classes\actions\ActionScheduler_Action.php(22): do_action_ref_array('wpforms_email_s...', Array)
#3 C:\xampp\htdocs\mywebsite\wp-content\plugins\woocommerce\packages\action-scheduler\classes\abstracts\ActionScheduler_Abstract_QueueRunner.php(65): ActionScheduler_Action->execute()
#4 C:\xampp\htdocs\mywebsite\wp-content\plugins\woocommerce\packages\action-scheduler\classes\ActionScheduler_QueueRunner.php(162): ActionScheduler_Abstract_QueueRunner->process_action(255, 'WP Cron')
#5 C:\xampp\htdocs\mywebsite\wp-content\plugins\woocommerce\packages\action-scheduler\classes\ActionScheduler_QueueRunner.php(132): ActionScheduler_QueueRunner->do_batch(25, 'WP Cron')
#6 C:\xampp\htdocs\mywebsite\wp-includes\class-wp-hook.php(303): ActionScheduler_QueueRunner->run('WP Cron')
#7 C:\xampp\htdocs\mywebsite\wp-includes\class-wp-hook.php(327): WP_Hook->apply_filters('', Array)
#8 C:\xampp\htdocs\mywebsite\wp-includes\plugin.php(518): WP_Hook->do_action(Array)
#9 C:\xampp\htdocs\mywebsite\wp-cron.php(138): do_action_ref_array('action_schedule...', Array)
#10 {main}
  thrown in C:\xampp\htdocs\mywebsite\wp-includes\class-wp-hook.php on line 303

2021-07-21T11:41:06+00:00 CRITICAL Uncaught Error: Unknown named parameter $tasks_meta_id in C:\xampp\htdocs\mywebsite\wp-includes\class-wp-hook.php:303
Stack trace:
#0 C:\xampp\htdocs\mywebsite\wp-includes\class-wp-hook.php(327): WP_Hook->apply_filters('', Array)
#1 C:\xampp\htdocs\mywebsite\wp-includes\plugin.php(518): WP_Hook->do_action(Array)
#2 C:\xampp\htdocs\mywebsite\wp-content\plugins\woocommerce\packages\action-scheduler\classes\actions\ActionScheduler_Action.php(22): do_action_ref_array('wpforms_admin_n...', Array)
#3 C:\xampp\htdocs\mywebsite\wp-content\plugins\woocommerce\packages\action-scheduler\classes\abstracts\ActionScheduler_Abstract_QueueRunner.php(65): ActionScheduler_Action->execute()
#4 C:\xampp\htdocs\mywebsite\wp-content\plugins\woocommerce\packages\action-scheduler\classes\ActionScheduler_QueueRunner.php(162): ActionScheduler_Abstract_QueueRunner->process_action(298, 'Async Request')
#5 C:\xampp\htdocs\mywebsite\wp-content\plugins\woocommerce\packages\action-scheduler\classes\ActionScheduler_QueueRunner.php(132): ActionScheduler_QueueRunner->do_batch(25, 'Async Request')
#6 C:\xampp\htdocs\mywebsite\wp-includes\class-wp-hook.php(303): ActionScheduler_QueueRunner->run('Async Request')
#7 C:\xampp\htdocs\mywebsite\wp-includes\class-wp-hook.php(327): WP_Hook->apply_filters('', Array)
#8 C:\xampp\htdocs\mywebsite\wp-includes\plugin.php(470): WP_Hook->do_action(Array)
#9 C:\xampp\htdocs\mywebsite\wp-content\plugins\woocommerce\packages\action-scheduler\classes\ActionScheduler_AsyncRequest_QueueRunner.php(52): do_action('action_schedule...', 'Async Request')
#10 C:\xampp\htdocs\mywebsite\wp-content\plugins\woocommerce\includes\libraries\wp-async-request.php(147): ActionScheduler_AsyncRequest_QueueRunner->handle()
#11 C:\xampp\htdocs\mywebsite\wp-includes\class-wp-hook.php(303): WP_Async_Request->maybe_handle('')
#12 C:\xampp\htdocs\mywebsite\wp-includes\class-wp-hook.php(327): WP_Hook->apply_filters('', Array)
#13 C:\xampp\htdocs\mywebsite\wp-includes\plugin.php(470): WP_Hook->do_action(Array)
#14 C:\xampp\htdocs\mywebsite\wp-admin\admin-ajax.php(187): do_action('wp_ajax_as_asyn...')
#15 {main}
  thrown in C:\xampp\htdocs\mywebsite\wp-includes\class-wp-hook.php on line 303

2021-07-21T11:42:48+00:00 CRITICAL Uncaught Error: Unknown named parameter $tasks_meta_id in C:\xampp\htdocs\mywebsite\wp-includes\class-wp-hook.php:303
Stack trace:
#0 C:\xampp\htdocs\mywebsite\wp-includes\class-wp-hook.php(327): WP_Hook->apply_filters('', Array)
#1 C:\xampp\htdocs\mywebsite\wp-includes\plugin.php(518): WP_Hook->do_action(Array)
#2 C:\xampp\htdocs\mywebsite\wp-content\plugins\woocommerce\packages\action-scheduler\classes\actions\ActionScheduler_Action.php(22): do_action_ref_array('wpforms_admin_n...', Array)
#3 C:\xampp\htdocs\mywebsite\wp-content\plugins\woocommerce\packages\action-scheduler\classes\abstracts\ActionScheduler_Abstract_QueueRunner.php(65): ActionScheduler_Action->execute()
#4 C:\xampp\htdocs\mywebsite\wp-content\plugins\woocommerce\packages\action-scheduler\classes\ActionScheduler_QueueRunner.php(162): ActionScheduler_Abstract_QueueRunner->process_action(301, 'WP Cron')
#5 C:\xampp\htdocs\mywebsite\wp-content\plugins\woocommerce\packages\action-scheduler\classes\ActionScheduler_QueueRunner.php(132): ActionScheduler_QueueRunner->do_batch(25, 'WP Cron')
#6 C:\xampp\htdocs\mywebsite\wp-includes\class-wp-hook.php(303): ActionScheduler_QueueRunner->run('WP Cron')
#7 C:\xampp\htdocs\mywebsite\wp-includes\class-wp-hook.php(327): WP_Hook->apply_filters('', Array)
#8 C:\xampp\htdocs\mywebsite\wp-includes\plugin.php(518): WP_Hook->do_action(Array)
#9 C:\xampp\htdocs\mywebsite\wp-cron.php(138): do_action_ref_array('action_schedule...', Array)
#10 {main}
  thrown in C:\xampp\htdocs\mywebsite\wp-includes\class-wp-hook.php on line 303

2021-07-21T11:43:56+00:00 CRITICAL Uncaught Error: Unknown named parameter $tasks_meta_id in C:\xampp\htdocs\mywebsite\wp-includes\class-wp-hook.php:303
Stack trace:
#0 C:\xampp\htdocs\mywebsite\wp-includes\class-wp-hook.php(327): WP_Hook->apply_filters('', Array)
#1 C:\xampp\htdocs\mywebsite\wp-includes\plugin.php(518): WP_Hook->do_action(Array)
#2 C:\xampp\htdocs\mywebsite\wp-content\plugins\woocommerce\packages\action-scheduler\classes\actions\ActionScheduler_Action.php(22): do_action_ref_array('wpforms_admin_n...', Array)
#3 C:\xampp\htdocs\mywebsite\wp-content\plugins\woocommerce\packages\action-scheduler\classes\abstracts\ActionScheduler_Abstract_QueueRunner.php(65): ActionScheduler_Action->execute()
#4 C:\xampp\htdocs\mywebsite\wp-content\plugins\woocommerce\packages\action-scheduler\classes\ActionScheduler_QueueRunner.php(162): ActionScheduler_Abstract_QueueRunner->process_action(302, 'WP Cron')
#5 C:\xampp\htdocs\mywebsite\wp-content\plugins\woocommerce\packages\action-scheduler\classes\ActionScheduler_QueueRunner.php(132): ActionScheduler_QueueRunner->do_batch(25, 'WP Cron')
#6 C:\xampp\htdocs\mywebsite\wp-includes\class-wp-hook.php(303): ActionScheduler_QueueRunner->run('WP Cron')
#7 C:\xampp\htdocs\mywebsite\wp-includes\class-wp-hook.php(327): WP_Hook->apply_filters('', Array)
#8 C:\xampp\htdocs\mywebsite\wp-includes\plugin.php(518): WP_Hook->do_action(Array)
#9 C:\xampp\htdocs\mywebsite\wp-cron.php(138): do_action_ref_array('action_schedule...', Array)
#10 {main}
  thrown in C:\xampp\htdocs\mywebsite\wp-includes\class-wp-hook.php on line 303

2021-07-21T11:44:08+00:00 CRITICAL Uncaught Error: Unknown named parameter $tasks_meta_id in C:\xampp\htdocs\mywebsite\wp-includes\class-wp-hook.php:303
Stack trace:
#0 C:\xampp\htdocs\mywebsite\wp-includes\class-wp-hook.php(327): WP_Hook->apply_filters('', Array)
#1 C:\xampp\htdocs\mywebsite\wp-includes\plugin.php(518): WP_Hook->do_action(Array)
#2 C:\xampp\htdocs\mywebsite\wp-content\plugins\woocommerce\packages\action-scheduler\classes\actions\ActionScheduler_Action.php(22): do_action_ref_array('wpforms_admin_n...', Array)
#3 C:\xampp\htdocs\mywebsite\wp-content\plugins\woocommerce\packages\action-scheduler\classes\abstracts\ActionScheduler_Abstract_QueueRunner.php(65): ActionScheduler_Action->execute()
#4 C:\xampp\htdocs\mywebsite\wp-content\plugins\woocommerce\packages\action-scheduler\classes\ActionScheduler_QueueRunner.php(162): ActionScheduler_Abstract_QueueRunner->process_action(303, 'Async Request')
#5 C:\xampp\htdocs\mywebsite\wp-content\plugins\woocommerce\packages\action-scheduler\classes\ActionScheduler_QueueRunner.php(132): ActionScheduler_QueueRunner->do_batch(25, 'Async Request')
#6 C:\xampp\htdocs\mywebsite\wp-includes\class-wp-hook.php(303): ActionScheduler_QueueRunner->run('Async Request')
#7 C:\xampp\htdocs\mywebsite\wp-includes\class-wp-hook.php(327): WP_Hook->apply_filters('', Array)
#8 C:\xampp\htdocs\mywebsite\wp-includes\plugin.php(470): WP_Hook->do_action(Array)
#9 C:\xampp\htdocs\mywebsite\wp-content\plugins\woocommerce\packages\action-scheduler\classes\ActionScheduler_AsyncRequest_QueueRunner.php(52): do_action('action_schedule...', 'Async Request')
#10 C:\xampp\htdocs\mywebsite\wp-content\plugins\woocommerce\includes\libraries\wp-async-request.php(147): ActionScheduler_AsyncRequest_QueueRunner->handle()
#11 C:\xampp\htdocs\mywebsite\wp-includes\class-wp-hook.php(303): WP_Async_Request->maybe_handle('')
#12 C:\xampp\htdocs\mywebsite\wp-includes\class-wp-hook.php(327): WP_Hook->apply_filters('', Array)
#13 C:\xampp\htdocs\mywebsite\wp-includes\plugin.php(470): WP_Hook->do_action(Array)
#14 C:\xampp\htdocs\mywebsite\wp-admin\admin-ajax.php(187): do_action('wp_ajax_as_asyn...')
#15 {main}
  thrown in C:\xampp\htdocs\mywebsite\wp-includes\class-wp-hook.php on line 303

2021-07-21T11:45:07+00:00 CRITICAL Uncaught Error: Unknown named parameter $tasks_meta_id in C:\xampp\htdocs\mywebsite\wp-includes\class-wp-hook.php:303
Stack trace:
#0 C:\xampp\htdocs\mywebsite\wp-includes\class-wp-hook.php(327): WP_Hook->apply_filters('', Array)
#1 C:\xampp\htdocs\mywebsite\wp-includes\plugin.php(518): WP_Hook->do_action(Array)
#2 C:\xampp\htdocs\mywebsite\wp-content\plugins\woocommerce\packages\action-scheduler\classes\actions\ActionScheduler_Action.php(22): do_action_ref_array('wpforms_admin_n...', Array)
#3 C:\xampp\htdocs\mywebsite\wp-content\plugins\woocommerce\packages\action-scheduler\classes\abstracts\ActionScheduler_Abstract_QueueRunner.php(65): ActionScheduler_Action->execute()
#4 C:\xampp\htdocs\mywebsite\wp-content\plugins\woocommerce\packages\action-scheduler\classes\ActionScheduler_QueueRunner.php(162): ActionScheduler_Abstract_QueueRunner->process_action(304, 'WP Cron')
#5 C:\xampp\htdocs\mywebsite\wp-content\plugins\woocommerce\packages\action-scheduler\classes\ActionScheduler_QueueRunner.php(132): ActionScheduler_QueueRunner->do_batch(25, 'WP Cron')
#6 C:\xampp\htdocs\mywebsite\wp-includes\class-wp-hook.php(303): ActionScheduler_QueueRunner->run('WP Cron')
#7 C:\xampp\htdocs\mywebsite\wp-includes\class-wp-hook.php(327): WP_Hook->apply_filters('', Array)
#8 C:\xampp\htdocs\mywebsite\wp-includes\plugin.php(518): WP_Hook->do_action(Array)
#9 C:\xampp\htdocs\mywebsite\wp-cron.php(138): do_action_ref_array('action_schedule...', Array)
#10 {main}
  thrown in C:\xampp\htdocs\mywebsite\wp-includes\class-wp-hook.php on line 303

2021-07-21T11:46:17+00:00 CRITICAL Uncaught Error: Unknown named parameter $tasks_meta_id in C:\xampp\htdocs\mywebsite\wp-includes\class-wp-hook.php:303
Stack trace:
#0 C:\xampp\htdocs\mywebsite\wp-includes\class-wp-hook.php(327): WP_Hook->apply_filters('', Array)
#1 C:\xampp\htdocs\mywebsite\wp-includes\plugin.php(518): WP_Hook->do_action(Array)
#2 C:\xampp\htdocs\mywebsite\wp-content\plugins\woocommerce\packages\action-scheduler\classes\actions\ActionScheduler_Action.php(22): do_action_ref_array('wpforms_admin_n...', Array)
#3 C:\xampp\htdocs\mywebsite\wp-content\plugins\woocommerce\packages\action-scheduler\classes\abstracts\ActionScheduler_Abstract_QueueRunner.php(65): ActionScheduler_Action->execute()
#4 C:\xampp\htdocs\mywebsite\wp-content\plugins\woocommerce\packages\action-scheduler\classes\ActionScheduler_QueueRunner.php(162): ActionScheduler_Abstract_QueueRunner->process_action(305, 'WP Cron')
#5 C:\xampp\htdocs\mywebsite\wp-content\plugins\woocommerce\packages\action-scheduler\classes\ActionScheduler_QueueRunner.php(132): ActionScheduler_QueueRunner->do_batch(25, 'WP Cron')
#6 C:\xampp\htdocs\mywebsite\wp-includes\class-wp-hook.php(303): ActionScheduler_QueueRunner->run('WP Cron')
#7 C:\xampp\htdocs\mywebsite\wp-includes\class-wp-hook.php(327): WP_Hook->apply_filters('', Array)
#8 C:\xampp\htdocs\mywebsite\wp-includes\plugin.php(518): WP_Hook->do_action(Array)
#9 C:\xampp\htdocs\mywebsite\wp-cron.php(138): do_action_ref_array('action_schedule...', Array)
#10 {main}
  thrown in C:\xampp\htdocs\mywebsite\wp-includes\class-wp-hook.php on line 303

2021-07-21T11:47:29+00:00 CRITICAL Uncaught Error: Unknown named parameter $tasks_meta_id in C:\xampp\htdocs\mywebsite\wp-includes\class-wp-hook.php:303
Stack trace:
#0 C:\xampp\htdocs\mywebsite\wp-includes\class-wp-hook.php(327): WP_Hook->apply_filters('', Array)
#1 C:\xampp\htdocs\mywebsite\wp-includes\plugin.php(518): WP_Hook->do_action(Array)
#2 C:\xampp\htdocs\mywebsite\wp-content\plugins\woocommerce\packages\action-scheduler\classes\actions\ActionScheduler_Action.php(22): do_action_ref_array('wpforms_admin_n...', Array)
#3 C:\xampp\htdocs\mywebsite\wp-content\plugins\woocommerce\packages\action-scheduler\classes\abstracts\ActionScheduler_Abstract_QueueRunner.php(65): ActionScheduler_Action->execute()
#4 C:\xampp\htdocs\mywebsite\wp-content\plugins\woocommerce\packages\action-scheduler\classes\ActionScheduler_QueueRunner.php(162): ActionScheduler_Abstract_QueueRunner->process_action(306, 'WP Cron')
#5 C:\xampp\htdocs\mywebsite\wp-content\plugins\woocommerce\packages\action-scheduler\classes\ActionScheduler_QueueRunner.php(132): ActionScheduler_QueueRunner->do_batch(25, 'WP Cron')
#6 C:\xampp\htdocs\mywebsite\wp-includes\class-wp-hook.php(303): ActionScheduler_QueueRunner->run('WP Cron')
#7 C:\xampp\htdocs\mywebsite\wp-includes\class-wp-hook.php(327): WP_Hook->apply_filters('', Array)
#8 C:\xampp\htdocs\mywebsite\wp-includes\plugin.php(518): WP_Hook->do_action(Array)
#9 C:\xampp\htdocs\mywebsite\wp-cron.php(138): do_action_ref_array('action_schedule...', Array)
#10 {main}
  thrown in C:\xampp\htdocs\mywebsite\wp-includes\class-wp-hook.php on line 303

2021-07-21T11:48:33+00:00 CRITICAL Uncaught Error: Unknown named parameter $tasks_meta_id in C:\xampp\htdocs\mywebsite\wp-includes\class-wp-hook.php:303
Stack trace:
#0 C:\xampp\htdocs\mywebsite\wp-includes\class-wp-hook.php(327): WP_Hook->apply_filters('', Array)
#1 C:\xampp\htdocs\mywebsite\wp-includes\plugin.php(518): WP_Hook->do_action(Array)
#2 C:\xampp\htdocs\mywebsite\wp-content\plugins\woocommerce\packages\action-scheduler\classes\actions\ActionScheduler_Action.php(22): do_action_ref_array('wpforms_admin_n...', Array)
#3 C:\xampp\htdocs\mywebsite\wp-content\plugins\woocommerce\packages\action-scheduler\classes\abstracts\ActionScheduler_Abstract_QueueRunner.php(65): ActionScheduler_Action->execute()
#4 C:\xampp\htdocs\mywebsite\wp-content\plugins\woocommerce\packages\action-scheduler\classes\ActionScheduler_QueueRunner.php(162): ActionScheduler_Abstract_QueueRunner->process_action(307, 'WP Cron')
#5 C:\xampp\htdocs\mywebsite\wp-content\plugins\woocommerce\packages\action-scheduler\classes\ActionScheduler_QueueRunner.php(132): ActionScheduler_QueueRunner->do_batch(25, 'WP Cron')
#6 C:\xampp\htdocs\mywebsite\wp-includes\class-wp-hook.php(303): ActionScheduler_QueueRunner->run('WP Cron')
#7 C:\xampp\htdocs\mywebsite\wp-includes\class-wp-hook.php(327): WP_Hook->apply_filters('', Array)
#8 C:\xampp\htdocs\mywebsite\wp-includes\plugin.php(518): WP_Hook->do_action(Array)
#9 C:\xampp\htdocs\mywebsite\wp-cron.php(138): do_action_ref_array('action_schedule...', Array)
#10 {main}
  thrown in C:\xampp\htdocs\mywebsite\wp-includes\class-wp-hook.php on line 303

2021-07-21T11:49:36+00:00 CRITICAL Uncaught Error: Unknown named parameter $tasks_meta_id in C:\xampp\htdocs\mywebsite\wp-includes\class-wp-hook.php:303
Stack trace:
#0 C:\xampp\htdocs\mywebsite\wp-includes\class-wp-hook.php(327): WP_Hook->apply_filters('', Array)
#1 C:\xampp\htdocs\mywebsite\wp-includes\plugin.php(518): WP_Hook->do_action(Array)
#2 C:\xampp\htdocs\mywebsite\wp-content\plugins\woocommerce\packages\action-scheduler\classes\actions\ActionScheduler_Action.php(22): do_action_ref_array('wpforms_admin_n...', Array)
#3 C:\xampp\htdocs\mywebsite\wp-content\plugins\woocommerce\packages\action-scheduler\classes\abstracts\ActionScheduler_Abstract_QueueRunner.php(65): ActionScheduler_Action->execute()
#4 C:\xampp\htdocs\mywebsite\wp-content\plugins\woocommerce\packages\action-scheduler\classes\ActionScheduler_QueueRunner.php(162): ActionScheduler_Abstract_QueueRunner->process_action(308, 'WP Cron')
#5 C:\xampp\htdocs\mywebsite\wp-content\plugins\woocommerce\packages\action-scheduler\classes\ActionScheduler_QueueRunner.php(132): ActionScheduler_QueueRunner->do_batch(25, 'WP Cron')
#6 C:\xampp\htdocs\mywebsite\wp-includes\class-wp-hook.php(303): ActionScheduler_QueueRunner->run('WP Cron')
#7 C:\xampp\htdocs\mywebsite\wp-includes\class-wp-hook.php(327): WP_Hook->apply_filters('', Array)
#8 C:\xampp\htdocs\mywebsite\wp-includes\plugin.php(518): WP_Hook->do_action(Array)
#9 C:\xampp\htdocs\mywebsite\wp-cron.php(138): do_action_ref_array('action_schedule...', Array)
#10 {main}
  thrown in C:\xampp\htdocs\mywebsite\wp-includes\class-wp-hook.php on line 303

2021-07-21T11:49:45+00:00 CRITICAL Uncaught Error: Unknown named parameter $tasks_meta_id in C:\xampp\htdocs\mywebsite\wp-includes\class-wp-hook.php:303
Stack trace:
#0 C:\xampp\htdocs\mywebsite\wp-includes\class-wp-hook.php(327): WP_Hook->apply_filters('', Array)
#1 C:\xampp\htdocs\mywebsite\wp-includes\plugin.php(518): WP_Hook->do_action(Array)
#2 C:\xampp\htdocs\mywebsite\wp-content\plugins\woocommerce\packages\action-scheduler\classes\actions\ActionScheduler_Action.php(22): do_action_ref_array('wpforms_admin_n...', Array)
#3 C:\xampp\htdocs\mywebsite\wp-content\plugins\woocommerce\packages\action-scheduler\classes\abstracts\ActionScheduler_Abstract_QueueRunner.php(65): ActionScheduler_Action->execute()
#4 C:\xampp\htdocs\mywebsite\wp-content\plugins\woocommerce\packages\action-scheduler\classes\ActionScheduler_QueueRunner.php(162): ActionScheduler_Abstract_QueueRunner->process_action(309, 'Async Request')
#5 C:\xampp\htdocs\mywebsite\wp-content\plugins\woocommerce\packages\action-scheduler\classes\ActionScheduler_QueueRunner.php(132): ActionScheduler_QueueRunner->do_batch(25, 'Async Request')
#6 C:\xampp\htdocs\mywebsite\wp-includes\class-wp-hook.php(303): ActionScheduler_QueueRunner->run('Async Request')
#7 C:\xampp\htdocs\mywebsite\wp-includes\class-wp-hook.php(327): WP_Hook->apply_filters('', Array)
#8 C:\xampp\htdocs\mywebsite\wp-includes\plugin.php(470): WP_Hook->do_action(Array)
#9 C:\xampp\htdocs\mywebsite\wp-content\plugins\woocommerce\packages\action-scheduler\classes\ActionScheduler_AsyncRequest_QueueRunner.php(52): do_action('action_schedule...', 'Async Request')
#10 C:\xampp\htdocs\mywebsite\wp-content\plugins\woocommerce\includes\libraries\wp-async-request.php(147): ActionScheduler_AsyncRequest_QueueRunner->handle()
#11 C:\xampp\htdocs\mywebsite\wp-includes\class-wp-hook.php(303): WP_Async_Request->maybe_handle('')
#12 C:\xampp\htdocs\mywebsite\wp-includes\class-wp-hook.php(327): WP_Hook->apply_filters('', Array)
#13 C:\xampp\htdocs\mywebsite\wp-includes\plugin.php(470): WP_Hook->do_action(Array)
#14 C:\xampp\htdocs\mywebsite\wp-admin\admin-ajax.php(187): do_action('wp_ajax_as_asyn...')
#15 {main}
  thrown in C:\xampp\htdocs\mywebsite\wp-includes\class-wp-hook.php on line 303

2021-07-21T11:50:38+00:00 CRITICAL Uncaught Error: Unknown named parameter $tasks_meta_id in C:\xampp\htdocs\mywebsite\wp-includes\class-wp-hook.php:303
Stack trace:
#0 C:\xampp\htdocs\mywebsite\wp-includes\class-wp-hook.php(327): WP_Hook->apply_filters('', Array)
#1 C:\xampp\htdocs\mywebsite\wp-includes\plugin.php(518): WP_Hook->do_action(Array)
#2 C:\xampp\htdocs\mywebsite\wp-content\plugins\woocommerce\packages\action-scheduler\classes\actions\ActionScheduler_Action.php(22): do_action_ref_array('wpforms_admin_n...', Array)
#3 C:\xampp\htdocs\mywebsite\wp-content\plugins\woocommerce\packages\action-scheduler\classes\abstracts\ActionScheduler_Abstract_QueueRunner.php(65): ActionScheduler_Action->execute()
#4 C:\xampp\htdocs\mywebsite\wp-content\plugins\woocommerce\packages\action-scheduler\classes\ActionScheduler_QueueRunner.php(162): ActionScheduler_Abstract_QueueRunner->process_action(310, 'WP Cron')
#5 C:\xampp\htdocs\mywebsite\wp-content\plugins\woocommerce\packages\action-scheduler\classes\ActionScheduler_QueueRunner.php(132): ActionScheduler_QueueRunner->do_batch(25, 'WP Cron')
#6 C:\xampp\htdocs\mywebsite\wp-includes\class-wp-hook.php(303): ActionScheduler_QueueRunner->run('WP Cron')
#7 C:\xampp\htdocs\mywebsite\wp-includes\class-wp-hook.php(327): WP_Hook->apply_filters('', Array)
#8 C:\xampp\htdocs\mywebsite\wp-includes\plugin.php(518): WP_Hook->do_action(Array)
#9 C:\xampp\htdocs\mywebsite\wp-cron.php(138): do_action_ref_array('action_schedule...', Array)
#10 {main}
  thrown in C:\xampp\htdocs\mywebsite\wp-includes\class-wp-hook.php on line 303

2021-07-21T11:50:50+00:00 CRITICAL Uncaught Error: Unknown named parameter $tasks_meta_id in C:\xampp\htdocs\mywebsite\wp-includes\class-wp-hook.php:303
Stack trace:
#0 C:\xampp\htdocs\mywebsite\wp-includes\class-wp-hook.php(327): WP_Hook->apply_filters('', Array)
#1 C:\xampp\htdocs\mywebsite\wp-includes\plugin.php(518): WP_Hook->do_action(Array)
#2 C:\xampp\htdocs\mywebsite\wp-content\plugins\woocommerce\packages\action-scheduler\classes\actions\ActionScheduler_Action.php(22): do_action_ref_array('wpforms_admin_n...', Array)
#3 C:\xampp\htdocs\mywebsite\wp-content\plugins\woocommerce\packages\action-scheduler\classes\abstracts\ActionScheduler_Abstract_QueueRunner.php(65): ActionScheduler_Action->execute()
#4 C:\xampp\htdocs\mywebsite\wp-content\plugins\woocommerce\packages\action-scheduler\classes\ActionScheduler_QueueRunner.php(162): ActionScheduler_Abstract_QueueRunner->process_action(311, 'Async Request')
#5 C:\xampp\htdocs\mywebsite\wp-content\plugins\woocommerce\packages\action-scheduler\classes\ActionScheduler_QueueRunner.php(132): ActionScheduler_QueueRunner->do_batch(25, 'Async Request')
#6 C:\xampp\htdocs\mywebsite\wp-includes\class-wp-hook.php(303): ActionScheduler_QueueRunner->run('Async Request')
#7 C:\xampp\htdocs\mywebsite\wp-includes\class-wp-hook.php(327): WP_Hook->apply_filters('', Array)
#8 C:\xampp\htdocs\mywebsite\wp-includes\plugin.php(470): WP_Hook->do_action(Array)
#9 C:\xampp\htdocs\mywebsite\wp-content\plugins\woocommerce\packages\action-scheduler\classes\ActionScheduler_AsyncRequest_QueueRunner.php(52): do_action('action_schedule...', 'Async Request')
#10 C:\xampp\htdocs\mywebsite\wp-content\plugins\woocommerce\includes\libraries\wp-async-request.php(147): ActionScheduler_AsyncRequest_QueueRunner->handle()
#11 C:\xampp\htdocs\mywebsite\wp-includes\class-wp-hook.php(303): WP_Async_Request->maybe_handle('')
#12 C:\xampp\htdocs\mywebsite\wp-includes\class-wp-hook.php(327): WP_Hook->apply_filters('', Array)
#13 C:\xampp\htdocs\mywebsite\wp-includes\plugin.php(470): WP_Hook->do_action(Array)
#14 C:\xampp\htdocs\mywebsite\wp-admin\admin-ajax.php(187): do_action('wp_ajax_as_asyn...')
#15 {main}
  thrown in C:\xampp\htdocs\mywebsite\wp-includes\class-wp-hook.php on line 303

2021-07-21T11:51:51+00:00 CRITICAL Uncaught Error: Unknown named parameter $tasks_meta_id in C:\xampp\htdocs\mywebsite\wp-includes\class-wp-hook.php:303
Stack trace:
#0 C:\xampp\htdocs\mywebsite\wp-includes\class-wp-hook.php(327): WP_Hook->apply_filters('', Array)
#1 C:\xampp\htdocs\mywebsite\wp-includes\plugin.php(518): WP_Hook->do_action(Array)
#2 C:\xampp\htdocs\mywebsite\wp-content\plugins\woocommerce\packages\action-scheduler\classes\actions\ActionScheduler_Action.php(22): do_action_ref_array('wpforms_admin_n...', Array)
#3 C:\xampp\htdocs\mywebsite\wp-content\plugins\woocommerce\packages\action-scheduler\classes\abstracts\ActionScheduler_Abstract_QueueRunner.php(65): ActionScheduler_Action->execute()
#4 C:\xampp\htdocs\mywebsite\wp-content\plugins\woocommerce\packages\action-scheduler\classes\ActionScheduler_QueueRunner.php(162): ActionScheduler_Abstract_QueueRunner->process_action(312, 'WP Cron')
#5 C:\xampp\htdocs\mywebsite\wp-content\plugins\woocommerce\packages\action-scheduler\classes\ActionScheduler_QueueRunner.php(132): ActionScheduler_QueueRunner->do_batch(25, 'WP Cron')
#6 C:\xampp\htdocs\mywebsite\wp-includes\class-wp-hook.php(303): ActionScheduler_QueueRunner->run('WP Cron')
#7 C:\xampp\htdocs\mywebsite\wp-includes\class-wp-hook.php(327): WP_Hook->apply_filters('', Array)
#8 C:\xampp\htdocs\mywebsite\wp-includes\plugin.php(518): WP_Hook->do_action(Array)
#9 C:\xampp\htdocs\mywebsite\wp-cron.php(138): do_action_ref_array('action_schedule...', Array)
#10 {main}
  thrown in C:\xampp\htdocs\mywebsite\wp-includes\class-wp-hook.php on line 303

2021-07-21T11:51:52+00:00 CRITICAL Uncaught Error: Unknown named parameter $tasks_meta_id in C:\xampp\htdocs\mywebsite\wp-includes\class-wp-hook.php:303
Stack trace:
#0 C:\xampp\htdocs\mywebsite\wp-includes\class-wp-hook.php(327): WP_Hook->apply_filters('', Array)
#1 C:\xampp\htdocs\mywebsite\wp-includes\plugin.php(518): WP_Hook->do_action(Array)
#2 C:\xampp\htdocs\mywebsite\wp-content\plugins\woocommerce\packages\action-scheduler\classes\actions\ActionScheduler_Action.php(22): do_action_ref_array('wpforms_admin_n...', Array)
#3 C:\xampp\htdocs\mywebsite\wp-content\plugins\woocommerce\packages\action-scheduler\classes\abstracts\ActionScheduler_Abstract_QueueRunner.php(65): ActionScheduler_Action->execute()
#4 C:\xampp\htdocs\mywebsite\wp-content\plugins\woocommerce\packages\action-scheduler\classes\ActionScheduler_QueueRunner.php(162): ActionScheduler_Abstract_QueueRunner->process_action(313, 'Async Request')
#5 C:\xampp\htdocs\mywebsite\wp-content\plugins\woocommerce\packages\action-scheduler\classes\ActionScheduler_QueueRunner.php(132): ActionScheduler_QueueRunner->do_batch(25, 'Async Request')
#6 C:\xampp\htdocs\mywebsite\wp-includes\class-wp-hook.php(303): ActionScheduler_QueueRunner->run('Async Request')
#7 C:\xampp\htdocs\mywebsite\wp-includes\class-wp-hook.php(327): WP_Hook->apply_filters('', Array)
#8 C:\xampp\htdocs\mywebsite\wp-includes\plugin.php(470): WP_Hook->do_action(Array)
#9 C:\xampp\htdocs\mywebsite\wp-content\plugins\woocommerce\packages\action-scheduler\classes\ActionScheduler_AsyncRequest_QueueRunner.php(52): do_action('action_schedule...', 'Async Request')
#10 C:\xampp\htdocs\mywebsite\wp-content\plugins\woocommerce\includes\libraries\wp-async-request.php(147): ActionScheduler_AsyncRequest_QueueRunner->handle()
#11 C:\xampp\htdocs\mywebsite\wp-includes\class-wp-hook.php(303): WP_Async_Request->maybe_handle('')
#12 C:\xampp\htdocs\mywebsite\wp-includes\class-wp-hook.php(327): WP_Hook->apply_filters('', Array)
#13 C:\xampp\htdocs\mywebsite\wp-includes\plugin.php(470): WP_Hook->do_action(Array)
#14 C:\xampp\htdocs\mywebsite\wp-admin\admin-ajax.php(187): do_action('wp_ajax_as_asyn...')
#15 {main}
  thrown in C:\xampp\htdocs\mywebsite\wp-includes\class-wp-hook.php on line 303

2021-07-21T11:52:54+00:00 CRITICAL Uncaught Error: Unknown named parameter $tasks_meta_id in C:\xampp\htdocs\mywebsite\wp-includes\class-wp-hook.php:303
Stack trace:
#0 C:\xampp\htdocs\mywebsite\wp-includes\class-wp-hook.php(327): WP_Hook->apply_filters('', Array)
#1 C:\xampp\htdocs\mywebsite\wp-includes\plugin.php(518): WP_Hook->do_action(Array)
#2 C:\xampp\htdocs\mywebsite\wp-content\plugins\woocommerce\packages\action-scheduler\classes\actions\ActionScheduler_Action.php(22): do_action_ref_array('wpforms_admin_n...', Array)
#3 C:\xampp\htdocs\mywebsite\wp-content\plugins\woocommerce\packages\action-scheduler\classes\abstracts\ActionScheduler_Abstract_QueueRunner.php(65): ActionScheduler_Action->execute()
#4 C:\xampp\htdocs\mywebsite\wp-content\plugins\woocommerce\packages\action-scheduler\classes\ActionScheduler_QueueRunner.php(162): ActionScheduler_Abstract_QueueRunner->process_action(314, 'WP Cron')
#5 C:\xampp\htdocs\mywebsite\wp-content\plugins\woocommerce\packages\action-scheduler\classes\ActionScheduler_QueueRunner.php(132): ActionScheduler_QueueRunner->do_batch(25, 'WP Cron')
#6 C:\xampp\htdocs\mywebsite\wp-includes\class-wp-hook.php(303): ActionScheduler_QueueRunner->run('WP Cron')
#7 C:\xampp\htdocs\mywebsite\wp-includes\class-wp-hook.php(327): WP_Hook->apply_filters('', Array)
#8 C:\xampp\htdocs\mywebsite\wp-includes\plugin.php(518): WP_Hook->do_action(Array)
#9 C:\xampp\htdocs\mywebsite\wp-cron.php(138): do_action_ref_array('action_schedule...', Array)
#10 {main}
  thrown in C:\xampp\htdocs\mywebsite\wp-includes\class-wp-hook.php on line 303

2021-07-21T11:53:00+00:00 CRITICAL Uncaught Error: Unknown named parameter $tasks_meta_id in C:\xampp\htdocs\mywebsite\wp-includes\class-wp-hook.php:303
Stack trace:
#0 C:\xampp\htdocs\mywebsite\wp-includes\class-wp-hook.php(327): WP_Hook->apply_filters('', Array)
#1 C:\xampp\htdocs\mywebsite\wp-includes\plugin.php(518): WP_Hook->do_action(Array)
#2 C:\xampp\htdocs\mywebsite\wp-content\plugins\woocommerce\packages\action-scheduler\classes\actions\ActionScheduler_Action.php(22): do_action_ref_array('wpforms_admin_n...', Array)
#3 C:\xampp\htdocs\mywebsite\wp-content\plugins\woocommerce\packages\action-scheduler\classes\abstracts\ActionScheduler_Abstract_QueueRunner.php(65): ActionScheduler_Action->execute()
#4 C:\xampp\htdocs\mywebsite\wp-content\plugins\woocommerce\packages\action-scheduler\classes\ActionScheduler_QueueRunner.php(162): ActionScheduler_Abstract_QueueRunner->process_action(316, 'Async Request')
#5 C:\xampp\htdocs\mywebsite\wp-content\plugins\woocommerce\packages\action-scheduler\classes\ActionScheduler_QueueRunner.php(132): ActionScheduler_QueueRunner->do_batch(25, 'Async Request')
#6 C:\xampp\htdocs\mywebsite\wp-includes\class-wp-hook.php(303): ActionScheduler_QueueRunner->run('Async Request')
#7 C:\xampp\htdocs\mywebsite\wp-includes\class-wp-hook.php(327): WP_Hook->apply_filters('', Array)
#8 C:\xampp\htdocs\mywebsite\wp-includes\plugin.php(470): WP_Hook->do_action(Array)
#9 C:\xampp\htdocs\mywebsite\wp-content\plugins\woocommerce\packages\action-scheduler\classes\ActionScheduler_AsyncRequest_QueueRunner.php(52): do_action('action_schedule...', 'Async Request')
#10 C:\xampp\htdocs\mywebsite\wp-content\plugins\woocommerce\includes\libraries\wp-async-request.php(147): ActionScheduler_AsyncRequest_QueueRunner->handle()
#11 C:\xampp\htdocs\mywebsite\wp-includes\class-wp-hook.php(303): WP_Async_Request->maybe_handle('')
#12 C:\xampp\htdocs\mywebsite\wp-includes\class-wp-hook.php(327): WP_Hook->apply_filters('', Array)
#13 C:\xampp\htdocs\mywebsite\wp-includes\plugin.php(470): WP_Hook->do_action(Array)
#14 C:\xampp\htdocs\mywebsite\wp-admin\admin-ajax.php(187): do_action('wp_ajax_as_asyn...')
#15 {main}
  thrown in C:\xampp\htdocs\mywebsite\wp-includes\class-wp-hook.php on line 303

2021-07-21T11:54:32+00:00 CRITICAL Uncaught Error: Unknown named parameter $tasks_meta_id in C:\xampp\htdocs\mywebsite\wp-includes\class-wp-hook.php:303
Stack trace:
#0 C:\xampp\htdocs\mywebsite\wp-includes\class-wp-hook.php(327): WP_Hook->apply_filters('', Array)
#1 C:\xampp\htdocs\mywebsite\wp-includes\plugin.php(518): WP_Hook->do_action(Array)
#2 C:\xampp\htdocs\mywebsite\wp-content\plugins\woocommerce\packages\action-scheduler\classes\actions\ActionScheduler_Action.php(22): do_action_ref_array('wpforms_admin_n...', Array)
#3 C:\xampp\htdocs\mywebsite\wp-content\plugins\woocommerce\packages\action-scheduler\classes\abstracts\ActionScheduler_Abstract_QueueRunner.php(65): ActionScheduler_Action->execute()
#4 C:\xampp\htdocs\mywebsite\wp-content\plugins\woocommerce\packages\action-scheduler\classes\ActionScheduler_QueueRunner.php(162): ActionScheduler_Abstract_QueueRunner->process_action(317, 'WP Cron')
#5 C:\xampp\htdocs\mywebsite\wp-content\plugins\woocommerce\packages\action-scheduler\classes\ActionScheduler_QueueRunner.php(132): ActionScheduler_QueueRunner->do_batch(25, 'WP Cron')
#6 C:\xampp\htdocs\mywebsite\wp-includes\class-wp-hook.php(303): ActionScheduler_QueueRunner->run('WP Cron')
#7 C:\xampp\htdocs\mywebsite\wp-includes\class-wp-hook.php(327): WP_Hook->apply_filters('', Array)
#8 C:\xampp\htdocs\mywebsite\wp-includes\plugin.php(518): WP_Hook->do_action(Array)
#9 C:\xampp\htdocs\mywebsite\wp-cron.php(138): do_action_ref_array('action_schedule...', Array)
#10 {main}
  thrown in C:\xampp\htdocs\mywebsite\wp-includes\class-wp-hook.php on line 303

2021-07-21T11:55:37+00:00 CRITICAL Uncaught Error: Unknown named parameter $tasks_meta_id in C:\xampp\htdocs\mywebsite\wp-includes\class-wp-hook.php:303
Stack trace:
#0 C:\xampp\htdocs\mywebsite\wp-includes\class-wp-hook.php(327): WP_Hook->apply_filters('', Array)
#1 C:\xampp\htdocs\mywebsite\wp-includes\plugin.php(518): WP_Hook->do_action(Array)
#2 C:\xampp\htdocs\mywebsite\wp-content\plugins\woocommerce\packages\action-scheduler\classes\actions\ActionScheduler_Action.php(22): do_action_ref_array('wpforms_admin_n...', Array)
#3 C:\xampp\htdocs\mywebsite\wp-content\plugins\woocommerce\packages\action-scheduler\classes\abstracts\ActionScheduler_Abstract_QueueRunner.php(65): ActionScheduler_Action->execute()
#4 C:\xampp\htdocs\mywebsite\wp-content\plugins\woocommerce\packages\action-scheduler\classes\ActionScheduler_QueueRunner.php(162): ActionScheduler_Abstract_QueueRunner->process_action(318, 'WP Cron')
#5 C:\xampp\htdocs\mywebsite\wp-content\plugins\woocommerce\packages\action-scheduler\classes\ActionScheduler_QueueRunner.php(132): ActionScheduler_QueueRunner->do_batch(25, 'WP Cron')
#6 C:\xampp\htdocs\mywebsite\wp-includes\class-wp-hook.php(303): ActionScheduler_QueueRunner->run('WP Cron')
#7 C:\xampp\htdocs\mywebsite\wp-includes\class-wp-hook.php(327): WP_Hook->apply_filters('', Array)
#8 C:\xampp\htdocs\mywebsite\wp-includes\plugin.php(518): WP_Hook->do_action(Array)
#9 C:\xampp\htdocs\mywebsite\wp-cron.php(138): do_action_ref_array('action_schedule...', Array)
#10 {main}
  thrown in C:\xampp\htdocs\mywebsite\wp-includes\class-wp-hook.php on line 303

